<?xml version="1.0" encoding="UTF-8"?>
<!-- Generated by org.testng.reporters.JUnitReportReporter -->
<testsuite skipped="1" hostname="LAPTOP-PP7LTPN0" name="com.webappsecurity.zero.TestScripts.VerifyInvalidLoginTest" tests="2" failures="0" timestamp="15 Feb 2020 16:14:51 GMT" time="55.096" errors="1">
  <testcase name="openApplication" time="55.096" classname="com.webappsecurity.zero.TestScripts.VerifyInvalidLoginTest">
    <error type="org.openqa.selenium.WebDriverException" message="unknown error: Chrome failed to start: exited normally.
  (unknown error: DevToolsActivePort file doesn&#039;t exist)
  (The process started from chrome location C:\Users\Balaji\AppData\Local\Google\Chrome\Application\chrome.exe is no longer running, so ChromeDriver is assuming that Chrome has crashed.)
Build info: version: &#039;3.141.59&#039;, revision: &#039;e82be7d358&#039;, time: &#039;2018-11-14T08:25:48&#039;
System info: host: &#039;LAPTOP-PP7LTPN0&#039;, ip: &#039;192.168.0.104&#039;, os.name: &#039;Windows 10&#039;, os.arch: &#039;amd64&#039;, os.version: &#039;10.0&#039;, java.version: &#039;1.8.0_201&#039;
Driver info: driver.version: ChromeDriver
remote stacktrace: Backtrace:
	Ordinal0 [0x01030AE3+1706723]
	Ordinal0 [0x00F968C1+1075393]
	Ordinal0 [0x00F0DFA9+516009]
	Ordinal0 [0x00E9D373+54131]
	Ordinal0 [0x00EBBFD7+180183]
	Ordinal0 [0x00EBBDDD+179677]
	Ordinal0 [0x00EB9D4B+171339]
	Ordinal0 [0x00EA1D4A+73034]
	Ordinal0 [0x00EA2DC0+77248]
	Ordinal0 [0x00EA2D59+77145]
	Ordinal0 [0x00FABB37+1162039]
	GetHandleVerifier [0x010CA7C6+508998]
	GetHandleVerifier [0x010CA504+508292]
	GetHandleVerifier [0x010DF617+594583]
	GetHandleVerifier [0x010CB036+511158]
	Ordinal0 [0x00FA3FFC+1130492]
	Ordinal0 [0x00FAD49B+1168539]
	Ordinal0 [0x00FAD603+1168899]
	Ordinal0 [0x00FC5B05+1268485]
	BaseThreadInitThunk [0x76E66359+25]
	RtlGetAppContainerNamedObjectPath [0x77D47B74+228]
	RtlGetAppContainerNamedObjectPath [0x77D47B44+180]
">
      <![CDATA[org.openqa.selenium.WebDriverException: unknown error: Chrome failed to start: exited normally.
  (unknown error: DevToolsActivePort file doesn't exist)
  (The process started from chrome location C:\Users\Balaji\AppData\Local\Google\Chrome\Application\chrome.exe is no longer running, so ChromeDriver is assuming that Chrome has crashed.)
Build info: version: '3.141.59', revision: 'e82be7d358', time: '2018-11-14T08:25:48'
System info: host: 'LAPTOP-PP7LTPN0', ip: '192.168.0.104', os.name: 'Windows 10', os.arch: 'amd64', os.version: '10.0', java.version: '1.8.0_201'
Driver info: driver.version: ChromeDriver
remote stacktrace: Backtrace:
Ordinal0 [0x01030AE3+1706723]
Ordinal0 [0x00F968C1+1075393]
Ordinal0 [0x00F0DFA9+516009]
Ordinal0 [0x00E9D373+54131]
Ordinal0 [0x00EBBFD7+180183]
Ordinal0 [0x00EBBDDD+179677]
Ordinal0 [0x00EB9D4B+171339]
Ordinal0 [0x00EA1D4A+73034]
Ordinal0 [0x00EA2DC0+77248]
Ordinal0 [0x00EA2D59+77145]
Ordinal0 [0x00FABB37+1162039]
GetHandleVerifier [0x010CA7C6+508998]
GetHandleVerifier [0x010CA504+508292]
GetHandleVerifier [0x010DF617+594583]
GetHandleVerifier [0x010CB036+511158]
Ordinal0 [0x00FA3FFC+1130492]
Ordinal0 [0x00FAD49B+1168539]
Ordinal0 [0x00FAD603+1168899]
Ordinal0 [0x00FC5B05+1268485]
BaseThreadInitThunk [0x76E66359+25]
RtlGetAppContainerNamedObjectPath [0x77D47B74+228]
RtlGetAppContainerNamedObjectPath [0x77D47B44+180]

at sun.reflect.NativeConstructorAccessorImpl.newInstance0(Native Method)
at sun.reflect.NativeConstructorAccessorImpl.newInstance(Unknown Source)
at sun.reflect.DelegatingConstructorAccessorImpl.newInstance(Unknown Source)
at java.lang.reflect.Constructor.newInstance(Unknown Source)
at org.openqa.selenium.remote.W3CHandshakeResponse.lambda$errorHandler$0(W3CHandshakeResponse.java:62)
at org.openqa.selenium.remote.HandshakeResponse.lambda$getResponseFunction$0(HandshakeResponse.java:30)
at org.openqa.selenium.remote.ProtocolHandshake.lambda$createSession$0(ProtocolHandshake.java:126)
at java.util.stream.ReferencePipeline$3$1.accept(Unknown Source)
at java.util.Spliterators$ArraySpliterator.tryAdvance(Unknown Source)
at java.util.stream.ReferencePipeline.forEachWithCancel(Unknown Source)
at java.util.stream.AbstractPipeline.copyIntoWithCancel(Unknown Source)
at java.util.stream.AbstractPipeline.copyInto(Unknown Source)
at java.util.stream.AbstractPipeline.wrapAndCopyInto(Unknown Source)
at java.util.stream.FindOps$FindOp.evaluateSequential(Unknown Source)
at java.util.stream.AbstractPipeline.evaluate(Unknown Source)
at java.util.stream.ReferencePipeline.findFirst(Unknown Source)
at org.openqa.selenium.remote.ProtocolHandshake.createSession(ProtocolHandshake.java:128)
at org.openqa.selenium.remote.ProtocolHandshake.createSession(ProtocolHandshake.java:74)
at org.openqa.selenium.remote.HttpCommandExecutor.execute(HttpCommandExecutor.java:136)
at org.openqa.selenium.remote.service.DriverCommandExecutor.execute(DriverCommandExecutor.java:83)
at org.openqa.selenium.remote.RemoteWebDriver.execute(RemoteWebDriver.java:552)
at org.openqa.selenium.remote.RemoteWebDriver.startSession(RemoteWebDriver.java:213)
at org.openqa.selenium.remote.RemoteWebDriver.<init>(RemoteWebDriver.java:131)
at org.openqa.selenium.chrome.ChromeDriver.<init>(ChromeDriver.java:181)
at org.openqa.selenium.chrome.ChromeDriver.<init>(ChromeDriver.java:168)
at org.openqa.selenium.chrome.ChromeDriver.<init>(ChromeDriver.java:123)
at com.webappsecurity.zero.TestScripts.VerifyInvalidLoginTest.openApplication(VerifyInvalidLoginTest.java:24)
at sun.reflect.NativeMethodAccessorImpl.invoke0(Native Method)
at sun.reflect.NativeMethodAccessorImpl.invoke(Unknown Source)
at sun.reflect.DelegatingMethodAccessorImpl.invoke(Unknown Source)
at java.lang.reflect.Method.invoke(Unknown Source)
at org.testng.internal.MethodInvocationHelper.invokeMethod(MethodInvocationHelper.java:124)
at org.testng.internal.MethodInvocationHelper.invokeMethodConsideringTimeout(MethodInvocationHelper.java:59)
at org.testng.internal.Invoker.invokeConfigurationMethod(Invoker.java:455)
at org.testng.internal.Invoker.invokeConfigurations(Invoker.java:222)
at org.testng.internal.Invoker.invokeConfigurations(Invoker.java:142)
at org.testng.TestRunner.beforeRun(TestRunner.java:529)
at org.testng.TestRunner.run(TestRunner.java:497)
at org.testng.SuiteRunner.runTest(SuiteRunner.java:455)
at org.testng.SuiteRunner.runSequentially(SuiteRunner.java:450)
at org.testng.SuiteRunner.privateRun(SuiteRunner.java:415)
at org.testng.SuiteRunner.run(SuiteRunner.java:364)
at org.testng.SuiteRunnerWorker.runSuite(SuiteRunnerWorker.java:52)
at org.testng.SuiteRunnerWorker.run(SuiteRunnerWorker.java:84)
at org.testng.TestNG.runSuitesSequentially(TestNG.java:1208)
at org.testng.TestNG.runSuitesLocally(TestNG.java:1137)
at org.testng.TestNG.runSuites(TestNG.java:1049)
at org.testng.TestNG.run(TestNG.java:1017)
at org.testng.remote.AbstractRemoteTestNG.run(AbstractRemoteTestNG.java:114)
at org.testng.remote.RemoteTestNG.initAndRun(RemoteTestNG.java:251)
at org.testng.remote.RemoteTestNG.main(RemoteTestNG.java:77)
]]>
    </error>
  </testcase> <!-- openApplication -->
  <testcase name="verifyInValidLogin" time="0.000" classname="com.webappsecurity.zero.TestScripts.VerifyInvalidLoginTest">
    <skipped/>
  </testcase> <!-- verifyInValidLogin -->
</testsuite> <!-- com.webappsecurity.zero.TestScripts.VerifyInvalidLoginTest -->
